Using pre-set license
Built from '2022.3/respin/2022.3.62f2-4af31df585-v2' branch; Version is '2022.3.62f3 (96770f904ca7) revision 9860879'; Using compiler version '192829333'; Build Type 'Release'
OS: 'Windows 11  (10.0.26200) 64bit Core' Language: 'en' Physical Memory: 31861 MB
BatchMode: 1, IsHumanControllingUs: 0, StartBugReporterOnCrash: 0, Is64bit: 1, IsPro: 1

COMMAND LINE ARGUMENTS:
C:\Program Files\Unity\Hub\Editor\2022.3.62f3\Editor\Unity.exe
-adb2
-batchMode
-noUpm
-name
AssetImportWorker1
-projectPath
C:/Users/palma/Capstone/Lines of Mercy
-logFile
Logs/AssetImportWorker1.log
-srvPort
52564
Successfully changed project path to: C:/Users/palma/Capstone/Lines of Mercy
C:/Users/palma/Capstone/Lines of Mercy
[UnityMemory] Configuration Parameters - Can be set up in boot.config
    "memorysetup-bucket-allocator-granularity=16"
    "memorysetup-bucket-allocator-bucket-count=8"
    "memorysetup-bucket-allocator-block-size=33554432"
    "memorysetup-bucket-allocator-block-count=8"
    "memorysetup-main-allocator-block-size=16777216"
    "memorysetup-thread-allocator-block-size=16777216"
    "memorysetup-gfx-main-allocator-block-size=16777216"
    "memorysetup-gfx-thread-allocator-block-size=16777216"
    "memorysetup-cache-allocator-block-size=4194304"
    "memorysetup-typetree-allocator-block-size=2097152"
    "memorysetup-profiler-bucket-allocator-granularity=16"
    "memorysetup-profiler-bucket-allocator-bucket-count=8"
    "memorysetup-profiler-bucket-allocator-block-size=33554432"
    "memorysetup-profiler-bucket-allocator-block-count=8"
    "memorysetup-profiler-allocator-block-size=16777216"
    "memorysetup-profiler-editor-allocator-block-size=1048576"
    "memorysetup-temp-allocator-size-main=16777216"
    "memorysetup-job-temp-allocator-block-size=2097152"
    "memorysetup-job-temp-allocator-block-size-background=1048576"
    "memorysetup-job-temp-allocator-reduction-small-platforms=262144"
    "memorysetup-allocator-temp-initial-block-size-main=262144"
    "memorysetup-allocator-temp-initial-block-size-worker=262144"
    "memorysetup-temp-allocator-size-background-worker=32768"
    "memorysetup-temp-allocator-size-job-worker=262144"
    "memorysetup-temp-allocator-size-preload-manager=33554432"
    "memorysetup-temp-allocator-size-nav-mesh-worker=65536"
    "memorysetup-temp-allocator-size-audio-worker=65536"
    "memorysetup-temp-allocator-size-cloud-worker=32768"
    "memorysetup-temp-allocator-size-gi-baking-worker=262144"
    "memorysetup-temp-allocator-size-gfx=262144"
Player connection [31404]  Target information:

Player connection [31404]  * "[IP] 192.168.0.100 [Port] 0 [Flags] 2 [Guid] 2384529993 [EditorId] 2384529993 [Version] 1048832 [Id] WindowsEditor(7,RPDomain) [Debug] 1 [PackageName] WindowsEditor [ProjectName] Editor" 

Player connection [31404] Host joined multi-casting on [225.0.0.222:54997]...
Player connection [31404] Host joined alternative multi-casting on [225.0.0.222:34997]...
Input System module state changed to: Initialized.
[PhysX] Initialized MultithreadedTaskDispatcher with 24 workers.
Refreshing native plugins compatible for Editor in 8.56 ms, found 3 plugins.
Preloading 0 native plugins for Editor in 0.00 ms.
Initialize engine version: 2022.3.62f3 (96770f904ca7)
[Subsystems] Discovering subsystems at path C:/Program Files/Unity/Hub/Editor/2022.3.62f3/Editor/Data/Resources/UnitySubsystems
[Subsystems] Discovering subsystems at path C:/Users/palma/Capstone/Lines of Mercy/Assets
GfxDevice: creating device client; threaded=0; jobified=0
Direct3D:
    Version:  Direct3D 11.0 [level 11.1]
    Renderer: NVIDIA GeForce RTX 4060 (ID=0x2882)
    Vendor:   NVIDIA
    VRAM:     7957 MB
    Driver:   32.0.15.8157
Initialize mono
Mono path[0] = 'C:/Program Files/Unity/Hub/Editor/2022.3.62f3/Editor/Data/Managed'
Mono path[1] = 'C:/Program Files/Unity/Hub/Editor/2022.3.62f3/Editor/Data/MonoBleedingEdge/lib/mono/unityjit-win32'
Mono config path = 'C:/Program Files/Unity/Hub/Editor/2022.3.62f3/Editor/Data/MonoBleedingEdge/etc'
Using monoOptions --debugger-agent=transport=dt_socket,embedding=1,server=y,suspend=n,address=127.0.0.1:56556
Begin MonoManager ReloadAssembly
Registering precompiled unity dll's ...
Register platform support module: C:/Program Files/Unity/Hub/Editor/2022.3.62f3/Editor/Data/PlaybackEngines/WindowsStandaloneSupport/UnityEditor.WindowsStandalone.Extensions.dll
Registered in 0.005191 seconds.
- Loaded All Assemblies, in  0.193 seconds
Native extension for WindowsStandalone target not found
Mono: successfully reloaded assembly
- Finished resetting the current domain, in  0.141 seconds
Domain Reload Profiling: 332ms
	BeginReloadAssembly (59ms)
		ExecutionOrderSort (0ms)
		DisableScriptedObjects (0ms)
		BackupInstance (0ms)
		ReleaseScriptingObjects (0ms)
		CreateAndSetChildDomain (0ms)
	RebuildCommonClasses (18ms)
	RebuildNativeTypeToScriptingClass (6ms)
	initialDomainReloadingComplete (34ms)
	LoadAllAssembliesAndSetupDomain (74ms)
		LoadAssemblies (58ms)
		RebuildTransferFunctionScriptingTraits (0ms)
		AnalyzeDomain (73ms)
			TypeCache.Refresh (72ms)
				TypeCache.ScanAssembly (64ms)
			ScanForSourceGeneratedMonoScriptInfo (0ms)
			ResolveRequiredComponents (0ms)
	FinalizeReload (141ms)
		ReleaseScriptCaches (0ms)
		RebuildScriptCaches (0ms)
		SetupLoadedEditorAssemblies (116ms)
			LogAssemblyErrors (0ms)
			InitializePlatformSupportModulesInManaged (5ms)
			SetLoadedEditorAssemblies (4ms)
			RefreshPlugins (0ms)
			BeforeProcessingInitializeOnLoad (1ms)
			ProcessInitializeOnLoadAttributes (80ms)
			ProcessInitializeOnLoadMethodAttributes (25ms)
			AfterProcessingInitializeOnLoad (0ms)
			EditorAssembliesLoaded (0ms)
		ExecutionOrderSort2 (0ms)
		AwakeInstancesAfterBackupRestoration (0ms)
========================================================================
Worker process is ready to serve import requests
Caller must complete domain reload
Begin MonoManager ReloadAssembly
- Loaded All Assemblies, in  0.377 seconds
Native extension for WindowsStandalone target not found
Mono: successfully reloaded assembly
- Finished resetting the current domain, in  0.349 seconds
Domain Reload Profiling: 719ms
	BeginReloadAssembly (84ms)
		ExecutionOrderSort (0ms)
		DisableScriptedObjects (3ms)
		BackupInstance (0ms)
		ReleaseScriptingObjects (0ms)
		CreateAndSetChildDomain (15ms)
	RebuildCommonClasses (18ms)
	RebuildNativeTypeToScriptingClass (6ms)
	initialDomainReloadingComplete (28ms)
	LoadAllAssembliesAndSetupDomain (235ms)
		LoadAssemblies (182ms)
		RebuildTransferFunctionScriptingTraits (0ms)
		AnalyzeDomain (99ms)
			TypeCache.Refresh (81ms)
				TypeCache.ScanAssembly (74ms)
			ScanForSourceGeneratedMonoScriptInfo (11ms)
			ResolveRequiredComponents (5ms)
	FinalizeReload (350ms)
		ReleaseScriptCaches (0ms)
		RebuildScriptCaches (0ms)
		SetupLoadedEditorAssemblies (274ms)
			LogAssemblyErrors (0ms)
			InitializePlatformSupportModulesInManaged (3ms)
			SetLoadedEditorAssemblies (2ms)
			RefreshPlugins (0ms)
			BeforeProcessingInitializeOnLoad (43ms)
			ProcessInitializeOnLoadAttributes (183ms)
			ProcessInitializeOnLoadMethodAttributes (38ms)
			AfterProcessingInitializeOnLoad (5ms)
			EditorAssembliesLoaded (0ms)
		ExecutionOrderSort2 (0ms)
		AwakeInstancesAfterBackupRestoration (4ms)
Launched and connected shader compiler UnityShaderCompiler.exe after 0.02 seconds
Refreshing native plugins compatible for Editor in 3.20 ms, found 3 plugins.
Preloading 0 native plugins for Editor in 0.00 ms.
Unloading 5010 Unused Serialized files (Serialized files now loaded: 0)
Unloading 24 unused Assets / (348.7 KB). Loaded Objects now: 5476.
Memory consumption went from 199.5 MB to 199.2 MB.
Total: 2.688300 ms (FindLiveObjects: 0.307500 ms CreateObjectMapping: 0.070700 ms MarkObjects: 2.184500 ms  DeleteObjects: 0.125100 ms)

AssetImportParameters requested are different than current active one (requested -> active):
  custom:container-demuxer-ogg: 62fdf1f143b41e24485cea50d1cbac27 -> 
  custom:video-decoder-ogg-theora: a1e56fd34408186e4bbccfd4996cb3dc -> 
  custom:framework-win-MediaFoundation: 216162199b28c13a410421893ffa2e32 -> 
  custom:CustomObjectIndexerAttribute: 72b91833f83ae208fae7752999fa3104 -> 
  custom:container-demuxer-webm: 4f35f7cbe854078d1ac9338744f61a02 -> 
  custom:container-muxer-webm: aa71ff27fc2769a1b78a27578f13a17b -> 
  custom:video-decoder-webm-vp8: 9c59270c3fd7afecdb556c50c9e8de78 -> 
  custom:SearchIndexIgnoredProperties: e643bd26f0fe6173181afceb89e7c659 -> 
  custom:AudioImporter_EditorPlatform: d09bf68614088b80899f8185d706f6e7 -> 
  custom:video-encoder-webm-vp8: eb34c28f22e8b96e1ab97ce403110664 -> 
  custom:audio-decoder-ogg-vorbis: bf7c407c2cedff20999df2af8eb42d56 -> 
  custom:audio-encoder-webm-vorbis: bf7c407c2cedff20999df2af8eb42d56 -> 
========================================================================
Received Import Request.
  Time since last request: 3896.093278 seconds.
  path: Assets/Settings/URP-HighFidelity.asset
  artifactKey: Guid(7b7fd9122c28c4d15b667c7040e3b3fd) Importer(815301076,1909f56bfc062723c751e8b465ee728b)
Start importing Assets/Settings/URP-HighFidelity.asset using Guid(7b7fd9122c28c4d15b667c7040e3b3fd) Importer(815301076,1909f56bfc062723c751e8b465ee728b) [PhysX] Initialized MultithreadedTaskDispatcher with 24 workers.
 -> (artifact id: '9e7c56138e3e119bc794ba0af840c89e') in 0.006528 seconds
Number of updated asset objects reloaded before import = 0
Number of asset objects unloaded after import = 0
========================================================================
Received Import Request.
  Time since last request: 0.000028 seconds.
  path: Assets/Settings/URP-Performant.asset
  artifactKey: Guid(d0e2fc18fe036412f8223b3b3d9ad574) Importer(815301076,1909f56bfc062723c751e8b465ee728b)
Start importing Assets/Settings/URP-Performant.asset using Guid(d0e2fc18fe036412f8223b3b3d9ad574) Importer(815301076,1909f56bfc062723c751e8b465ee728b) [PhysX] Initialized MultithreadedTaskDispatcher with 24 workers.
 -> (artifact id: 'f2db546f45ab8e72f00b75cecb912d4c') in 0.003883 seconds
Number of updated asset objects reloaded before import = 0
Number of asset objects unloaded after import = 2
========================================================================
Received Import Request.
  Time since last request: 24.090135 seconds.
  path: Assets/WhiteCity/Models/Buildings/Materials/03 (8).mat
  artifactKey: Guid(a02a7ad95c83627459c7e7ca766928bc) Importer(815301076,1909f56bfc062723c751e8b465ee728b)
Start importing Assets/WhiteCity/Models/Buildings/Materials/03 (8).mat using Guid(a02a7ad95c83627459c7e7ca766928bc) Importer(815301076,1909f56bfc062723c751e8b465ee728b) [PhysX] Initialized MultithreadedTaskDispatcher with 24 workers.
[PhysX] Initialized MultithreadedTaskDispatcher with 24 workers.
 -> (artifact id: 'cfff98f238d48de2410346bd19865470') in 0.181902 seconds
Number of updated asset objects reloaded before import = 0
Number of asset objects unloaded after import = 21
========================================================================
Received Import Request.
  Time since last request: 0.000023 seconds.
  path: Assets/WhiteCity/Models/Buildings/Materials/b12.mat
  artifactKey: Guid(ea5cf619c570a71499cf551b531745f6) Importer(815301076,1909f56bfc062723c751e8b465ee728b)
Start importing Assets/WhiteCity/Models/Buildings/Materials/b12.mat using Guid(ea5cf619c570a71499cf551b531745f6) Importer(815301076,1909f56bfc062723c751e8b465ee728b) [PhysX] Initialized MultithreadedTaskDispatcher with 24 workers.
[PhysX] Initialized MultithreadedTaskDispatcher with 24 workers.
 -> (artifact id: 'e9a4c0514f05e444a209f00bb2690fe6') in 0.037422 seconds
Number of updated asset objects reloaded before import = 0
Number of asset objects unloaded after import = 2
========================================================================
Received Import Request.
  Time since last request: 0.000027 seconds.
  path: Assets/WhiteCity/Models/Buildings/Materials/b3-2.mat
  artifactKey: Guid(1e2f5a37bec567c4fa4483c075b4b840) Importer(815301076,1909f56bfc062723c751e8b465ee728b)
Start importing Assets/WhiteCity/Models/Buildings/Materials/b3-2.mat using Guid(1e2f5a37bec567c4fa4483c075b4b840) Importer(815301076,1909f56bfc062723c751e8b465ee728b) [PhysX] Initialized MultithreadedTaskDispatcher with 24 workers.
[PhysX] Initialized MultithreadedTaskDispatcher with 24 workers.
 -> (artifact id: 'e623e994e868b8eca698f51462c44b86') in 0.006793 seconds
Number of updated asset objects reloaded before import = 0
Number of asset objects unloaded after import = 2
========================================================================
Received Import Request.
  Time since last request: 0.000017 seconds.
  path: Assets/WhiteCity/Models/Buildings/Materials/b9-1.mat
  artifactKey: Guid(abaff2e6c6f61e248a1de0b7581c0ecd) Importer(815301076,1909f56bfc062723c751e8b465ee728b)
Start importing Assets/WhiteCity/Models/Buildings/Materials/b9-1.mat using Guid(abaff2e6c6f61e248a1de0b7581c0ecd) Importer(815301076,1909f56bfc062723c751e8b465ee728b) [PhysX] Initialized MultithreadedTaskDispatcher with 24 workers.
[PhysX] Initialized MultithreadedTaskDispatcher with 24 workers.
 -> (artifact id: '7fb8a2cd5e1486ffcd3f5d637e62892d') in 0.010165 seconds
Number of updated asset objects reloaded before import = 0
Number of asset objects unloaded after import = 2
========================================================================
Received Import Request.
  Time since last request: 0.000014 seconds.
  path: Assets/WhiteCity/Models/Buildings/Materials/b4.mat
  artifactKey: Guid(c823db213c09c834b9291fa879c9e5eb) Importer(815301076,1909f56bfc062723c751e8b465ee728b)
Start importing Assets/WhiteCity/Models/Buildings/Materials/b4.mat using Guid(c823db213c09c834b9291fa879c9e5eb) Importer(815301076,1909f56bfc062723c751e8b465ee728b) [PhysX] Initialized MultithreadedTaskDispatcher with 24 workers.
[PhysX] Initialized MultithreadedTaskDispatcher with 24 workers.
 -> (artifact id: 'fdddc034bfbe222d87c1345aec296fa7') in 0.017730 seconds
Number of updated asset objects reloaded before import = 0
Number of asset objects unloaded after import = 2
========================================================================
Received Import Request.
  Time since last request: 0.000014 seconds.
  path: Assets/WhiteCity/Models/Buildings/Materials/06 (7).mat
  artifactKey: Guid(ed2115d86521bad449a04f5b44ec2d98) Importer(815301076,1909f56bfc062723c751e8b465ee728b)
Start importing Assets/WhiteCity/Models/Buildings/Materials/06 (7).mat using Guid(ed2115d86521bad449a04f5b44ec2d98) Importer(815301076,1909f56bfc062723c751e8b465ee728b) [PhysX] Initialized MultithreadedTaskDispatcher with 24 workers.
[PhysX] Initialized MultithreadedTaskDispatcher with 24 workers.
 -> (artifact id: 'fac28027a6f82414547b17db69ebf7d1') in 0.020348 seconds
Number of updated asset objects reloaded before import = 0
Number of asset objects unloaded after import = 2
========================================================================
Received Import Request.
  Time since last request: 0.000017 seconds.
  path: Assets/WhiteCity/Models/Buildings/Materials/b5.mat
  artifactKey: Guid(f7d66f5a5cf854747a6809479c3564ec) Importer(815301076,1909f56bfc062723c751e8b465ee728b)
Start importing Assets/WhiteCity/Models/Buildings/Materials/b5.mat using Guid(f7d66f5a5cf854747a6809479c3564ec) Importer(815301076,1909f56bfc062723c751e8b465ee728b) [PhysX] Initialized MultithreadedTaskDispatcher with 24 workers.
[PhysX] Initialized MultithreadedTaskDispatcher with 24 workers.
 -> (artifact id: 'd88a35da3ad1a4f94c19daae44f5c409') in 0.008805 seconds
Number of updated asset objects reloaded before import = 0
Number of asset objects unloaded after import = 2
========================================================================
Received Import Request.
  Time since last request: 0.000019 seconds.
  path: Assets/WhiteCity/Models/Buildings/Materials/orange.mat
  artifactKey: Guid(e25753f11202b824d8204720b0b26e23) Importer(815301076,1909f56bfc062723c751e8b465ee728b)
Start importing Assets/WhiteCity/Models/Buildings/Materials/orange.mat using Guid(e25753f11202b824d8204720b0b26e23) Importer(815301076,1909f56bfc062723c751e8b465ee728b) [PhysX] Initialized MultithreadedTaskDispatcher with 24 workers.
[PhysX] Initialized MultithreadedTaskDispatcher with 24 workers.
 -> (artifact id: '8f47227e6565da098224316821569982') in 0.009036 seconds
Number of updated asset objects reloaded before import = 0
Number of asset objects unloaded after import = 2
========================================================================
Received Import Request.
  Time since last request: 0.000013 seconds.
  path: Assets/WhiteCity/Models/Buildings/Materials/h2.mat
  artifactKey: Guid(5ecc3b75eb52b154db3ada675106c729) Importer(815301076,1909f56bfc062723c751e8b465ee728b)
Start importing Assets/WhiteCity/Models/Buildings/Materials/h2.mat using Guid(5ecc3b75eb52b154db3ada675106c729) Importer(815301076,1909f56bfc062723c751e8b465ee728b) [PhysX] Initialized MultithreadedTaskDispatcher with 24 workers.
[PhysX] Initialized MultithreadedTaskDispatcher with 24 workers.
 -> (artifact id: 'd2bffaa58dfae99287a004409a78fba7') in 0.010028 seconds
Number of updated asset objects reloaded before import = 0
Number of asset objects unloaded after import = 2
========================================================================
Received Import Request.
  Time since last request: 0.000137 seconds.
  path: Assets/WhiteCity/Models/Buildings/Materials/b8.mat
  artifactKey: Guid(66b15b6002815bf439bc3dad5da76f33) Importer(815301076,1909f56bfc062723c751e8b465ee728b)
Start importing Assets/WhiteCity/Models/Buildings/Materials/b8.mat using Guid(66b15b6002815bf439bc3dad5da76f33) Importer(815301076,1909f56bfc062723c751e8b465ee728b) [PhysX] Initialized MultithreadedTaskDispatcher with 24 workers.
[PhysX] Initialized MultithreadedTaskDispatcher with 24 workers.
 -> (artifact id: '8103c326422cc5e03c2f2c055d179d66') in 0.006034 seconds
Number of updated asset objects reloaded before import = 0
Number of asset objects unloaded after import = 2
========================================================================
Received Import Request.
  Time since last request: 0.000016 seconds.
  path: Assets/WhiteCity/Models/Buildings/Materials/b6.mat
  artifactKey: Guid(8d6a8ab164fd36340871beae26805e66) Importer(815301076,1909f56bfc062723c751e8b465ee728b)
Start importing Assets/WhiteCity/Models/Buildings/Materials/b6.mat using Guid(8d6a8ab164fd36340871beae26805e66) Importer(815301076,1909f56bfc062723c751e8b465ee728b) [PhysX] Initialized MultithreadedTaskDispatcher with 24 workers.
[PhysX] Initialized MultithreadedTaskDispatcher with 24 workers.
 -> (artifact id: 'fd2b74bd4dc2f2314c49fc0019a329c7') in 0.006439 seconds
Number of updated asset objects reloaded before import = 0
Number of asset objects unloaded after import = 2
========================================================================
Received Import Request.
  Time since last request: 0.000016 seconds.
  path: Assets/WhiteCity/Models/Buildings/Materials/c3.mat
  artifactKey: Guid(ca157491ae27260468fd6c253e26a5af) Importer(815301076,1909f56bfc062723c751e8b465ee728b)
Start importing Assets/WhiteCity/Models/Buildings/Materials/c3.mat using Guid(ca157491ae27260468fd6c253e26a5af) Importer(815301076,1909f56bfc062723c751e8b465ee728b) [PhysX] Initialized MultithreadedTaskDispatcher with 24 workers.
[PhysX] Initialized MultithreadedTaskDispatcher with 24 workers.
 -> (artifact id: '77b1e6f907b7daf17eff900955bc7218') in 0.005375 seconds
Number of updated asset objects reloaded before import = 0
Number of asset objects unloaded after import = 2
========================================================================
Received Import Request.
  Time since last request: 0.000018 seconds.
  path: Assets/WhiteCity/Models/Buildings/Materials/v4.mat
  artifactKey: Guid(6d6f4c86b9b796f4f852501e0877173f) Importer(815301076,1909f56bfc062723c751e8b465ee728b)
Start importing Assets/WhiteCity/Models/Buildings/Materials/v4.mat using Guid(6d6f4c86b9b796f4f852501e0877173f) Importer(815301076,1909f56bfc062723c751e8b465ee728b) [PhysX] Initialized MultithreadedTaskDispatcher with 24 workers.
[PhysX] Initialized MultithreadedTaskDispatcher with 24 workers.
 -> (artifact id: 'f5b159bfe1f9f3d4fcc79223bb25b370') in 0.008727 seconds
Number of updated asset objects reloaded before import = 0
Number of asset objects unloaded after import = 2
========================================================================
Received Import Request.
  Time since last request: 0.000021 seconds.
  path: Assets/WhiteCity/Models/Buildings/Materials/5.mat
  artifactKey: Guid(cf5ec46cca0e3784c8e8ed2adc07d424) Importer(815301076,1909f56bfc062723c751e8b465ee728b)
Start importing Assets/WhiteCity/Models/Buildings/Materials/5.mat using Guid(cf5ec46cca0e3784c8e8ed2adc07d424) Importer(815301076,1909f56bfc062723c751e8b465ee728b) [PhysX] Initialized MultithreadedTaskDispatcher with 24 workers.
[PhysX] Initialized MultithreadedTaskDispatcher with 24 workers.
 -> (artifact id: '9a10af0e5009cd1ceac2a7a73afd8994') in 0.005178 seconds
Number of updated asset objects reloaded before import = 0
Number of asset objects unloaded after import = 2
========================================================================
Received Import Request.
  Time since last request: 0.000013 seconds.
  path: Assets/WhiteCity/Models/Buildings/Materials/b2-2.mat
  artifactKey: Guid(00d0da6cbf30c1440bce2c1a4dfea6bf) Importer(815301076,1909f56bfc062723c751e8b465ee728b)
Start importing Assets/WhiteCity/Models/Buildings/Materials/b2-2.mat using Guid(00d0da6cbf30c1440bce2c1a4dfea6bf) Importer(815301076,1909f56bfc062723c751e8b465ee728b) [PhysX] Initialized MultithreadedTaskDispatcher with 24 workers.
[PhysX] Initialized MultithreadedTaskDispatcher with 24 workers.
 -> (artifact id: 'd60fb3d19eb78eaa2b87f667e5445ea5') in 0.006523 seconds
Number of updated asset objects reloaded before import = 0
Number of asset objects unloaded after import = 2
========================================================================
Received Import Request.
  Time since last request: 0.000015 seconds.
  path: Assets/WhiteCity/Models/Buildings/Materials/b5-1.mat
  artifactKey: Guid(a31446a010d7d694da579576b289bb89) Importer(815301076,1909f56bfc062723c751e8b465ee728b)
Start importing Assets/WhiteCity/Models/Buildings/Materials/b5-1.mat using Guid(a31446a010d7d694da579576b289bb89) Importer(815301076,1909f56bfc062723c751e8b465ee728b) [PhysX] Initialized MultithreadedTaskDispatcher with 24 workers.
[PhysX] Initialized MultithreadedTaskDispatcher with 24 workers.
 -> (artifact id: '23770d684530ea593f00441782e0b85b') in 0.005611 seconds
Number of updated asset objects reloaded before import = 0
Number of asset objects unloaded after import = 2
========================================================================
Received Import Request.
  Time since last request: 0.000017 seconds.
  path: Assets/WhiteCity/Models/Buildings/Materials/03 (9).mat
  artifactKey: Guid(6cf9476470966604c9ce286a28a6b4dc) Importer(815301076,1909f56bfc062723c751e8b465ee728b)
Start importing Assets/WhiteCity/Models/Buildings/Materials/03 (9).mat using Guid(6cf9476470966604c9ce286a28a6b4dc) Importer(815301076,1909f56bfc062723c751e8b465ee728b) [PhysX] Initialized MultithreadedTaskDispatcher with 24 workers.
[PhysX] Initialized MultithreadedTaskDispatcher with 24 workers.
 -> (artifact id: 'e136f9a610aaf44148d006578a463926') in 0.005664 seconds
Number of updated asset objects reloaded before import = 0
Number of asset objects unloaded after import = 2
========================================================================
Received Import Request.
  Time since last request: 0.000029 seconds.
  path: Assets/WhiteCity/Models/Buildings/Materials/depositphotos_8483461-Seamless-pattern-resembling-glass-windows-on-a-modern-building.mat
  artifactKey: Guid(923db6f4baf3a40409aa01c577fb2b5a) Importer(815301076,1909f56bfc062723c751e8b465ee728b)
Start importing Assets/WhiteCity/Models/Buildings/Materials/depositphotos_8483461-Seamless-pattern-resembling-glass-windows-on-a-modern-building.mat using Guid(923db6f4baf3a40409aa01c577fb2b5a) Importer(815301076,1909f56bfc062723c751e8b465ee728b) [PhysX] Initialized MultithreadedTaskDispatcher with 24 workers.
[PhysX] Initialized MultithreadedTaskDispatcher with 24 workers.
 -> (artifact id: '840ff0cd7eaa7501614be1489839e35d') in 0.006018 seconds
Number of updated asset objects reloaded before import = 0
Number of asset objects unloaded after import = 2
========================================================================
Received Import Request.
  Time since last request: 0.000024 seconds.
  path: Assets/WhiteCity/Models/Buildings/Materials/b4-1.mat
  artifactKey: Guid(16571a3bb7d80e3408d5bb613d38a483) Importer(815301076,1909f56bfc062723c751e8b465ee728b)
Start importing Assets/WhiteCity/Models/Buildings/Materials/b4-1.mat using Guid(16571a3bb7d80e3408d5bb613d38a483) Importer(815301076,1909f56bfc062723c751e8b465ee728b) [PhysX] Initialized MultithreadedTaskDispatcher with 24 workers.
[PhysX] Initialized MultithreadedTaskDispatcher with 24 workers.
 -> (artifact id: '422da17c8b664de543602c73a787fe12') in 0.006266 seconds
Number of updated asset objects reloaded before import = 0
Number of asset objects unloaded after import = 2
========================================================================
Received Import Request.
  Time since last request: 0.000030 seconds.
  path: Assets/WhiteCity/Models/Buildings/Materials/b9-2.mat
  artifactKey: Guid(aea4367c3439bfa4cb701b038e72d72a) Importer(815301076,1909f56bfc062723c751e8b465ee728b)
Start importing Assets/WhiteCity/Models/Buildings/Materials/b9-2.mat using Guid(aea4367c3439bfa4cb701b038e72d72a) Importer(815301076,1909f56bfc062723c751e8b465ee728b) [PhysX] Initialized MultithreadedTaskDispatcher with 24 workers.
[PhysX] Initialized MultithreadedTaskDispatcher with 24 workers.
 -> (artifact id: '2c2365463f46a4d340906f0e0c9b098f') in 0.006078 seconds
Number of updated asset objects reloaded before import = 0
Number of asset objects unloaded after import = 2
========================================================================
Received Import Request.
  Time since last request: 0.000016 seconds.
  path: Assets/WhiteCity/Models/Buildings/Materials/4-2.mat
  artifactKey: Guid(475d2e2c3ff9b3e4eb3d9d59f2e072a3) Importer(815301076,1909f56bfc062723c751e8b465ee728b)
Start importing Assets/WhiteCity/Models/Buildings/Materials/4-2.mat using Guid(475d2e2c3ff9b3e4eb3d9d59f2e072a3) Importer(815301076,1909f56bfc062723c751e8b465ee728b) [PhysX] Initialized MultithreadedTaskDispatcher with 24 workers.
[PhysX] Initialized MultithreadedTaskDispatcher with 24 workers.
 -> (artifact id: 'd826cf9a179fa28b931374982b9794ce') in 0.005939 seconds
Number of updated asset objects reloaded before import = 0
Number of asset objects unloaded after import = 2
========================================================================
Received Import Request.
  Time since last request: 0.000016 seconds.
  path: Assets/WhiteCity/Models/Buildings/Materials/b9.mat
  artifactKey: Guid(6642346c671ae614dad01dfbd7c930b8) Importer(815301076,1909f56bfc062723c751e8b465ee728b)
Start importing Assets/WhiteCity/Models/Buildings/Materials/b9.mat using Guid(6642346c671ae614dad01dfbd7c930b8) Importer(815301076,1909f56bfc062723c751e8b465ee728b) [PhysX] Initialized MultithreadedTaskDispatcher with 24 workers.
[PhysX] Initialized MultithreadedTaskDispatcher with 24 workers.
 -> (artifact id: 'b7855150f08f2577834ab584548a0164') in 0.005974 seconds
Number of updated asset objects reloaded before import = 0
Number of asset objects unloaded after import = 2
========================================================================
Received Import Request.
  Time since last request: 0.000016 seconds.
  path: Assets/WhiteCity/Models/Buildings/Materials/b4-2.mat
  artifactKey: Guid(0e5d9e87db75fbb41be0cdc300f654e9) Importer(815301076,1909f56bfc062723c751e8b465ee728b)
Start importing Assets/WhiteCity/Models/Buildings/Materials/b4-2.mat using Guid(0e5d9e87db75fbb41be0cdc300f654e9) Importer(815301076,1909f56bfc062723c751e8b465ee728b) [PhysX] Initialized MultithreadedTaskDispatcher with 24 workers.
[PhysX] Initialized MultithreadedTaskDispatcher with 24 workers.
 -> (artifact id: '37aaceee83341a9e8aae4aef8a1e50d4') in 0.005733 seconds
Number of updated asset objects reloaded before import = 0
Number of asset objects unloaded after import = 2
========================================================================
Received Import Request.
  Time since last request: 0.000015 seconds.
  path: Assets/WhiteCity/Models/Buildings/Materials/v2.mat
  artifactKey: Guid(1de7ab3739fcd1145ba7f5f79a1a42fb) Importer(815301076,1909f56bfc062723c751e8b465ee728b)
Start importing Assets/WhiteCity/Models/Buildings/Materials/v2.mat using Guid(1de7ab3739fcd1145ba7f5f79a1a42fb) Importer(815301076,1909f56bfc062723c751e8b465ee728b) [PhysX] Initialized MultithreadedTaskDispatcher with 24 workers.
[PhysX] Initialized MultithreadedTaskDispatcher with 24 workers.
 -> (artifact id: '016b46e815110f132c7d187837ffed22') in 0.005631 seconds
Number of updated asset objects reloaded before import = 0
Number of asset objects unloaded after import = 2
Editor requested this worker to shutdown with reason: Scaling down because of idle timeout
TcpMessagingSession - receive error: operation aborted. errorcode: 995, details: The I/O operation has been aborted because of either a thread exit or an application request.
AssetImportWorker is now disconnected from the server
Process exiting
Exiting without the bug reporter. Application will terminate with return code 0